[0.108s] DEBUG:colcon:Command line arguments: ['/usr/bin/colcon', 'build', '--packages-select', 'robot_motion']
[0.108s] DEBUG:colcon:Parsed command line arguments: Namespace(log_base=None, log_level=None, verb_name='build', build_base='build', install_base='install', merge_install=False, symlink_install=False, test_result_base=None, continue_on_error=False, executor='parallel', parallel_workers=16, event_handlers=None, ignore_user_meta=False, metas=['./colcon.meta'], base_paths=['.'], packages_ignore=None, packages_ignore_regex=None, paths=None, packages_up_to=None, packages_up_to_regex=None, packages_above=None, packages_above_and_dependencies=None, packages_above_depth=None, packages_select_by_dep=None, packages_skip_by_dep=None, packages_skip_up_to=None, packages_select_build_failed=False, packages_skip_build_finished=False, packages_select_test_failures=False, packages_skip_test_passed=False, packages_select=['robot_motion'], packages_skip=None, packages_select_regex=None, packages_skip_regex=None, packages_start=None, packages_end=None, allow_overriding=[], cmake_args=None, cmake_target=None, cmake_target_skip_unavailable=False, cmake_clean_cache=False, cmake_clean_first=False, cmake_force_configure=False, ament_cmake_args=None, catkin_cmake_args=None, catkin_skip_building_tests=False, mixin_files=None, mixin=None, verb_parser=<colcon_mixin.mixin.mixin_argument.MixinArgumentDecorator object at 0x7b8503b929f0>, verb_extension=<colcon_core.verb.build.BuildVerb object at 0x7b8503cb6de0>, main=<bound method BuildVerb.main of <colcon_core.verb.build.BuildVerb object at 0x7b8503cb6de0>>, mixin_verb=('build',))
[0.145s] Level 1:colcon.colcon_core.package_discovery:discover_packages(colcon_meta) check parameters
[0.146s] Level 1:colcon.colcon_core.package_discovery:discover_packages(recursive) check parameters
[0.146s] Level 1:colcon.colcon_core.package_discovery:discover_packages(ignore) check parameters
[0.146s] Level 1:colcon.colcon_core.package_discovery:discover_packages(path) check parameters
[0.146s] Level 1:colcon.colcon_core.package_discovery:discover_packages(colcon_meta) discover
[0.146s] Level 1:colcon.colcon_core.package_discovery:discover_packages(recursive) discover
[0.146s] INFO:colcon.colcon_core.package_discovery:Crawling recursively for packages in '/home/san/Public/ros_control/src'
[0.146s] Level 1:colcon.colcon_core.package_identification:_identify(.) by extensions ['ignore', 'ignore_ament_install']
[0.146s] Level 1:colcon.colcon_core.package_identification:_identify(.) by extension 'ignore'
[0.146s] Level 1:colcon.colcon_core.package_identification:_identify(.) by extension 'ignore_ament_install'
[0.146s] Level 1:colcon.colcon_core.package_identification:_identify(.) by extensions ['colcon_pkg']
[0.146s] Level 1:colcon.colcon_core.package_identification:_identify(.) by extension 'colcon_pkg'
[0.146s] Level 1:colcon.colcon_core.package_identification:_identify(.) by extensions ['colcon_meta']
[0.146s] Level 1:colcon.colcon_core.package_identification:_identify(.) by extension 'colcon_meta'
[0.146s] Level 1:colcon.colcon_core.package_identification:_identify(.) by extensions ['ros']
[0.146s] Level 1:colcon.colcon_core.package_identification:_identify(.) by extension 'ros'
[0.170s] Level 1:colcon.colcon_core.package_identification:_identify(.) by extensions ['cmake', 'python']
[0.170s] Level 1:colcon.colcon_core.package_identification:_identify(.) by extension 'cmake'
[0.170s] Level 1:colcon.colcon_core.package_identification:_identify(.) by extension 'python'
[0.170s] Level 1:colcon.colcon_core.package_identification:_identify(.) by extensions ['python_setup_py']
[0.170s] Level 1:colcon.colcon_core.package_identification:_identify(.) by extension 'python_setup_py'
[0.170s] Level 1:colcon.colcon_core.package_identification:_identify(build) by extensions ['ignore', 'ignore_ament_install']
[0.170s] Level 1:colcon.colcon_core.package_identification:_identify(build) by extension 'ignore'
[0.170s] Level 1:colcon.colcon_core.package_identification:_identify(build) ignored
[0.171s] Level 1:colcon.colcon_core.package_identification:_identify(install) by extensions ['ignore', 'ignore_ament_install']
[0.171s] Level 1:colcon.colcon_core.package_identification:_identify(install) by extension 'ignore'
[0.171s] Level 1:colcon.colcon_core.package_identification:_identify(install) ignored
[0.171s] Level 1:colcon.colcon_core.package_identification:_identify(log) by extensions ['ignore', 'ignore_ament_install']
[0.171s] Level 1:colcon.colcon_core.package_identification:_identify(log) by extension 'ignore'
[0.171s] Level 1:colcon.colcon_core.package_identification:_identify(log) ignored
[0.171s] Level 1:colcon.colcon_core.package_identification:_identify(robot_controller) by extensions ['ignore', 'ignore_ament_install']
[0.171s] Level 1:colcon.colcon_core.package_identification:_identify(robot_controller) by extension 'ignore'
[0.171s] Level 1:colcon.colcon_core.package_identification:_identify(robot_controller) by extension 'ignore_ament_install'
[0.171s] Level 1:colcon.colcon_core.package_identification:_identify(robot_controller) by extensions ['colcon_pkg']
[0.171s] Level 1:colcon.colcon_core.package_identification:_identify(robot_controller) by extension 'colcon_pkg'
[0.171s] Level 1:colcon.colcon_core.package_identification:_identify(robot_controller) by extensions ['colcon_meta']
[0.171s] Level 1:colcon.colcon_core.package_identification:_identify(robot_controller) by extension 'colcon_meta'
[0.171s] Level 1:colcon.colcon_core.package_identification:_identify(robot_controller) by extensions ['ros']
[0.171s] Level 1:colcon.colcon_core.package_identification:_identify(robot_controller) by extension 'ros'
[0.174s] DEBUG:colcon.colcon_core.package_identification:Package 'robot_controller' with type 'ros.ament_cmake' and name 'robot_controller'
[0.174s] Level 1:colcon.colcon_core.package_identification:_identify(robot_description) by extensions ['ignore', 'ignore_ament_install']
[0.174s] Level 1:colcon.colcon_core.package_identification:_identify(robot_description) by extension 'ignore'
[0.174s] Level 1:colcon.colcon_core.package_identification:_identify(robot_description) by extension 'ignore_ament_install'
[0.174s] Level 1:colcon.colcon_core.package_identification:_identify(robot_description) by extensions ['colcon_pkg']
[0.174s] Level 1:colcon.colcon_core.package_identification:_identify(robot_description) by extension 'colcon_pkg'
[0.174s] Level 1:colcon.colcon_core.package_identification:_identify(robot_description) by extensions ['colcon_meta']
[0.174s] Level 1:colcon.colcon_core.package_identification:_identify(robot_description) by extension 'colcon_meta'
[0.174s] Level 1:colcon.colcon_core.package_identification:_identify(robot_description) by extensions ['ros']
[0.174s] Level 1:colcon.colcon_core.package_identification:_identify(robot_description) by extension 'ros'
[0.175s] DEBUG:colcon.colcon_core.package_identification:Package 'robot_description' with type 'ros.ament_cmake' and name 'robot_description'
[0.175s] Level 1:colcon.colcon_core.package_identification:_identify(robot_motion) by extensions ['ignore', 'ignore_ament_install']
[0.175s] Level 1:colcon.colcon_core.package_identification:_identify(robot_motion) by extension 'ignore'
[0.175s] Level 1:colcon.colcon_core.package_identification:_identify(robot_motion) by extension 'ignore_ament_install'
[0.175s] Level 1:colcon.colcon_core.package_identification:_identify(robot_motion) by extensions ['colcon_pkg']
[0.175s] Level 1:colcon.colcon_core.package_identification:_identify(robot_motion) by extension 'colcon_pkg'
[0.175s] Level 1:colcon.colcon_core.package_identification:_identify(robot_motion) by extensions ['colcon_meta']
[0.175s] Level 1:colcon.colcon_core.package_identification:_identify(robot_motion) by extension 'colcon_meta'
[0.175s] Level 1:colcon.colcon_core.package_identification:_identify(robot_motion) by extensions ['ros']
[0.175s] Level 1:colcon.colcon_core.package_identification:_identify(robot_motion) by extension 'ros'
[0.175s] DEBUG:colcon.colcon_core.package_identification:Package 'robot_motion' with type 'ros.ament_cmake' and name 'robot_motion'
[0.175s] Level 1:colcon.colcon_core.package_discovery:discover_packages(recursive) using defaults
[0.175s] Level 1:colcon.colcon_core.package_discovery:discover_packages(ignore) discover
[0.175s] Level 1:colcon.colcon_core.package_discovery:discover_packages(ignore) using defaults
[0.175s] Level 1:colcon.colcon_core.package_discovery:discover_packages(path) discover
[0.175s] Level 1:colcon.colcon_core.package_discovery:discover_packages(path) using defaults
[0.191s] INFO:colcon.colcon_core.package_selection:Skipping not selected package 'robot_controller' in 'robot_controller'
[0.191s] INFO:colcon.colcon_core.package_selection:Skipping not selected package 'robot_description' in 'robot_description'
[0.192s] Level 1:colcon.colcon_core.package_discovery:discover_packages(prefix_path) check parameters
[0.192s] Level 1:colcon.colcon_core.package_discovery:discover_packages(prefix_path) discover
[0.194s] DEBUG:colcon.colcon_installed_package_information.package_discovery:Found 3 installed packages in /home/san/Public/ros_control/install
[0.194s] DEBUG:colcon.colcon_installed_package_information.package_discovery:Found 3 installed packages in /home/san/Public/ros_three/install
[0.196s] DEBUG:colcon.colcon_installed_package_information.package_discovery:Found 408 installed packages in /opt/ros/jazzy
[0.198s] Level 1:colcon.colcon_core.package_discovery:discover_packages(prefix_path) using defaults
[0.249s] Level 5:colcon.colcon_core.verb:set package 'robot_motion' build argument 'cmake_args' from command line to 'None'
[0.249s] Level 5:colcon.colcon_core.verb:set package 'robot_motion' build argument 'cmake_target' from command line to 'None'
[0.249s] Level 5:colcon.colcon_core.verb:set package 'robot_motion' build argument 'cmake_target_skip_unavailable' from command line to 'False'
[0.249s] Level 5:colcon.colcon_core.verb:set package 'robot_motion' build argument 'cmake_clean_cache' from command line to 'False'
[0.249s] Level 5:colcon.colcon_core.verb:set package 'robot_motion' build argument 'cmake_clean_first' from command line to 'False'
[0.249s] Level 5:colcon.colcon_core.verb:set package 'robot_motion' build argument 'cmake_force_configure' from command line to 'False'
[0.249s] Level 5:colcon.colcon_core.verb:set package 'robot_motion' build argument 'ament_cmake_args' from command line to 'None'
[0.249s] Level 5:colcon.colcon_core.verb:set package 'robot_motion' build argument 'catkin_cmake_args' from command line to 'None'
[0.249s] Level 5:colcon.colcon_core.verb:set package 'robot_motion' build argument 'catkin_skip_building_tests' from command line to 'False'
[0.249s] DEBUG:colcon.colcon_core.verb:Building package 'robot_motion' with the following arguments: {'ament_cmake_args': None, 'build_base': '/home/san/Public/ros_control/src/build/robot_motion', 'catkin_cmake_args': None, 'catkin_skip_building_tests': False, 'cmake_args': None, 'cmake_clean_cache': False, 'cmake_clean_first': False, 'cmake_force_configure': False, 'cmake_target': None, 'cmake_target_skip_unavailable': False, 'install_base': '/home/san/Public/ros_control/src/install/robot_motion', 'merge_install': False, 'path': '/home/san/Public/ros_control/src/robot_motion', 'symlink_install': False, 'test_result_base': None}
[0.249s] INFO:colcon.colcon_core.executor:Executing jobs using 'parallel' executor
[0.250s] DEBUG:colcon.colcon_parallel_executor.executor.parallel:run_until_complete
[0.250s] INFO:colcon.colcon_ros.task.ament_cmake.build:Building ROS package in '/home/san/Public/ros_control/src/robot_motion' with build type 'ament_cmake'
[0.250s] INFO:colcon.colcon_cmake.task.cmake.build:Building CMake package in '/home/san/Public/ros_control/src/robot_motion'
[0.252s] INFO:colcon.colcon_core.plugin_system:Skipping extension 'colcon_core.shell.bat': Not used on non-Windows systems
[0.252s] INFO:colcon.colcon_core.shell:Skip shell extension 'powershell' for command environment: Not usable outside of PowerShell
[0.252s] DEBUG:colcon.colcon_core.shell:Skip shell extension 'dsv' for command environment
[0.264s] DEBUG:colcon.colcon_core.event_handler.log_command:Invoking command in '/home/san/Public/ros_control/src/build/robot_motion': CMAKE_PREFIX_PATH=${CMAKE_PREFIX_PATH}:/opt/ros/jazzy DEBUGINFOD_URLS=https://debuginfod.ubuntu.com /usr/bin/cmake --build /home/san/Public/ros_control/src/build/robot_motion -- -j16 -l16
[0.324s] DEBUG:colcon.colcon_core.event_handler.log_command:Invoked command in '/home/san/Public/ros_control/src/build/robot_motion' returned '0': CMAKE_PREFIX_PATH=${CMAKE_PREFIX_PATH}:/opt/ros/jazzy DEBUGINFOD_URLS=https://debuginfod.ubuntu.com /usr/bin/cmake --build /home/san/Public/ros_control/src/build/robot_motion -- -j16 -l16
[0.339s] DEBUG:colcon.colcon_core.event_handler.log_command:Invoking command in '/home/san/Public/ros_control/src/build/robot_motion': CMAKE_PREFIX_PATH=${CMAKE_PREFIX_PATH}:/opt/ros/jazzy DEBUGINFOD_URLS=https://debuginfod.ubuntu.com /usr/bin/cmake --install /home/san/Public/ros_control/src/build/robot_motion
[0.352s] Level 1:colcon.colcon_core.environment:create_environment_scripts_only(robot_motion)
[0.353s] DEBUG:colcon.colcon_core.event_handler.log_command:Invoked command in '/home/san/Public/ros_control/src/build/robot_motion' returned '0': CMAKE_PREFIX_PATH=${CMAKE_PREFIX_PATH}:/opt/ros/jazzy DEBUGINFOD_URLS=https://debuginfod.ubuntu.com /usr/bin/cmake --install /home/san/Public/ros_control/src/build/robot_motion
[0.355s] Level 1:colcon.colcon_core.environment:checking '/home/san/Public/ros_control/src/install/robot_motion' for CMake module files
[0.356s] Level 1:colcon.colcon_core.environment:checking '/home/san/Public/ros_control/src/install/robot_motion' for CMake config files
[0.356s] Level 1:colcon.colcon_core.shell:create_environment_hook('robot_motion', 'cmake_prefix_path')
[0.356s] INFO:colcon.colcon_core.shell:Creating environment hook '/home/san/Public/ros_control/src/install/robot_motion/share/robot_motion/hook/cmake_prefix_path.ps1'
[0.357s] INFO:colcon.colcon_core.shell:Creating environment descriptor '/home/san/Public/ros_control/src/install/robot_motion/share/robot_motion/hook/cmake_prefix_path.dsv'
[0.357s] INFO:colcon.colcon_core.shell:Creating environment hook '/home/san/Public/ros_control/src/install/robot_motion/share/robot_motion/hook/cmake_prefix_path.sh'
[0.358s] Level 1:colcon.colcon_core.environment:checking '/home/san/Public/ros_control/src/install/robot_motion/lib'
[0.358s] Level 1:colcon.colcon_core.environment:checking '/home/san/Public/ros_control/src/install/robot_motion/bin'
[0.358s] Level 1:colcon.colcon_core.environment:checking '/home/san/Public/ros_control/src/install/robot_motion/lib/pkgconfig/robot_motion.pc'
[0.358s] Level 1:colcon.colcon_core.environment:checking '/home/san/Public/ros_control/src/install/robot_motion/lib/python3.12/site-packages'
[0.359s] Level 1:colcon.colcon_core.environment:checking '/home/san/Public/ros_control/src/install/robot_motion/bin'
[0.359s] INFO:colcon.colcon_core.shell:Creating package script '/home/san/Public/ros_control/src/install/robot_motion/share/robot_motion/package.ps1'
[0.359s] INFO:colcon.colcon_core.shell:Creating package descriptor '/home/san/Public/ros_control/src/install/robot_motion/share/robot_motion/package.dsv'
[0.360s] INFO:colcon.colcon_core.shell:Creating package script '/home/san/Public/ros_control/src/install/robot_motion/share/robot_motion/package.sh'
[0.360s] INFO:colcon.colcon_core.shell:Creating package script '/home/san/Public/ros_control/src/install/robot_motion/share/robot_motion/package.bash'
[0.361s] INFO:colcon.colcon_core.shell:Creating package script '/home/san/Public/ros_control/src/install/robot_motion/share/robot_motion/package.zsh'
[0.361s] Level 1:colcon.colcon_core.environment:create_file_with_runtime_dependencies(/home/san/Public/ros_control/src/install/robot_motion/share/colcon-core/packages/robot_motion)
[0.361s] Level 1:colcon.colcon_core.environment:create_environment_scripts_only(robot_motion)
[0.362s] Level 1:colcon.colcon_core.environment:checking '/home/san/Public/ros_control/src/install/robot_motion' for CMake module files
[0.362s] Level 1:colcon.colcon_core.environment:checking '/home/san/Public/ros_control/src/install/robot_motion' for CMake config files
[0.362s] Level 1:colcon.colcon_core.shell:create_environment_hook('robot_motion', 'cmake_prefix_path')
[0.362s] INFO:colcon.colcon_core.shell:Creating environment hook '/home/san/Public/ros_control/src/install/robot_motion/share/robot_motion/hook/cmake_prefix_path.ps1'
[0.363s] INFO:colcon.colcon_core.shell:Creating environment descriptor '/home/san/Public/ros_control/src/install/robot_motion/share/robot_motion/hook/cmake_prefix_path.dsv'
[0.363s] INFO:colcon.colcon_core.shell:Creating environment hook '/home/san/Public/ros_control/src/install/robot_motion/share/robot_motion/hook/cmake_prefix_path.sh'
[0.364s] Level 1:colcon.colcon_core.environment:checking '/home/san/Public/ros_control/src/install/robot_motion/lib'
[0.364s] Level 1:colcon.colcon_core.environment:checking '/home/san/Public/ros_control/src/install/robot_motion/bin'
[0.364s] Level 1:colcon.colcon_core.environment:checking '/home/san/Public/ros_control/src/install/robot_motion/lib/pkgconfig/robot_motion.pc'
[0.365s] Level 1:colcon.colcon_core.environment:checking '/home/san/Public/ros_control/src/install/robot_motion/lib/python3.12/site-packages'
[0.365s] Level 1:colcon.colcon_core.environment:checking '/home/san/Public/ros_control/src/install/robot_motion/bin'
[0.365s] INFO:colcon.colcon_core.shell:Creating package script '/home/san/Public/ros_control/src/install/robot_motion/share/robot_motion/package.ps1'
[0.366s] INFO:colcon.colcon_core.shell:Creating package descriptor '/home/san/Public/ros_control/src/install/robot_motion/share/robot_motion/package.dsv'
[0.366s] INFO:colcon.colcon_core.shell:Creating package script '/home/san/Public/ros_control/src/install/robot_motion/share/robot_motion/package.sh'
[0.366s] INFO:colcon.colcon_core.shell:Creating package script '/home/san/Public/ros_control/src/install/robot_motion/share/robot_motion/package.bash'
[0.367s] INFO:colcon.colcon_core.shell:Creating package script '/home/san/Public/ros_control/src/install/robot_motion/share/robot_motion/package.zsh'
[0.367s] Level 1:colcon.colcon_core.environment:create_file_with_runtime_dependencies(/home/san/Public/ros_control/src/install/robot_motion/share/colcon-core/packages/robot_motion)
[0.367s] DEBUG:colcon.colcon_parallel_executor.executor.parallel:closing loop
[0.368s] DEBUG:colcon.colcon_parallel_executor.executor.parallel:loop closed
[0.368s] DEBUG:colcon.colcon_parallel_executor.executor.parallel:run_until_complete finished with '0'
[0.368s] DEBUG:colcon.colcon_core.event_reactor:joining thread
[0.374s] INFO:colcon.colcon_core.plugin_system:Skipping extension 'colcon_notification.desktop_notification.terminal_notifier': Not used on non-Darwin systems
[0.374s] INFO:colcon.colcon_core.plugin_system:Skipping extension 'colcon_notification.desktop_notification.win32': Not used on non-Windows systems
[0.374s] INFO:colcon.colcon_notification.desktop_notification:Sending desktop notification using 'notify2'
[0.410s] DEBUG:colcon.colcon_core.event_reactor:joined thread
[0.411s] INFO:colcon.colcon_core.shell:Creating prefix script '/home/san/Public/ros_control/src/install/local_setup.ps1'
[0.412s] INFO:colcon.colcon_core.shell:Creating prefix util module '/home/san/Public/ros_control/src/install/_local_setup_util_ps1.py'
[0.413s] INFO:colcon.colcon_core.shell:Creating prefix chain script '/home/san/Public/ros_control/src/install/setup.ps1'
[0.414s] INFO:colcon.colcon_core.shell:Creating prefix script '/home/san/Public/ros_control/src/install/local_setup.sh'
[0.415s] INFO:colcon.colcon_core.shell:Creating prefix util module '/home/san/Public/ros_control/src/install/_local_setup_util_sh.py'
[0.415s] INFO:colcon.colcon_core.shell:Creating prefix chain script '/home/san/Public/ros_control/src/install/setup.sh'
[0.416s] INFO:colcon.colcon_core.shell:Creating prefix script '/home/san/Public/ros_control/src/install/local_setup.bash'
[0.417s] INFO:colcon.colcon_core.shell:Creating prefix chain script '/home/san/Public/ros_control/src/install/setup.bash'
[0.418s] INFO:colcon.colcon_core.shell:Creating prefix script '/home/san/Public/ros_control/src/install/local_setup.zsh'
[0.418s] INFO:colcon.colcon_core.shell:Creating prefix chain script '/home/san/Public/ros_control/src/install/setup.zsh'
