[0.013s] Invoking command in '/home/san/Public/ros_control/src/build/robot_motion': CMAKE_PREFIX_PATH=${CMAKE_PREFIX_PATH}:/opt/ros/jazzy DEBUGINFOD_URLS=https://debuginfod.ubuntu.com /usr/bin/cmake --build /home/san/Public/ros_control/src/build/robot_motion -- -j16 -l16
[0.073s] Invoked command in '/home/san/Public/ros_control/src/build/robot_motion' returned '0': CMAKE_PREFIX_PATH=${CMAKE_PREFIX_PATH}:/opt/ros/jazzy DEBUGINFOD_URLS=https://debuginfod.ubuntu.com /usr/bin/cmake --build /home/san/Public/ros_control/src/build/robot_motion -- -j16 -l16
[0.087s] Invoking command in '/home/san/Public/ros_control/src/build/robot_motion': CMAKE_PREFIX_PATH=${CMAKE_PREFIX_PATH}:/opt/ros/jazzy DEBUGINFOD_URLS=https://debuginfod.ubuntu.com /usr/bin/cmake --install /home/san/Public/ros_control/src/build/robot_motion
[0.100s] -- Install configuration: ""
[0.100s] -- Installing: /home/san/Public/ros_control/src/install/robot_motion/lib/robot_motion/trajectory_publisher.py
[0.101s] -- Up-to-date: /home/san/Public/ros_control/src/install/robot_motion/share/ament_index/resource_index/package_run_dependencies/robot_motion
[0.101s] -- Up-to-date: /home/san/Public/ros_control/src/install/robot_motion/share/ament_index/resource_index/parent_prefix_path/robot_motion
[0.101s] -- Up-to-date: /home/san/Public/ros_control/src/install/robot_motion/share/robot_motion/environment/ament_prefix_path.sh
[0.101s] -- Up-to-date: /home/san/Public/ros_control/src/install/robot_motion/share/robot_motion/environment/ament_prefix_path.dsv
[0.101s] -- Up-to-date: /home/san/Public/ros_control/src/install/robot_motion/share/robot_motion/environment/path.sh
[0.101s] -- Up-to-date: /home/san/Public/ros_control/src/install/robot_motion/share/robot_motion/environment/path.dsv
[0.101s] -- Up-to-date: /home/san/Public/ros_control/src/install/robot_motion/share/robot_motion/local_setup.bash
[0.102s] -- Up-to-date: /home/san/Public/ros_control/src/install/robot_motion/share/robot_motion/local_setup.sh
[0.102s] -- Up-to-date: /home/san/Public/ros_control/src/install/robot_motion/share/robot_motion/local_setup.zsh
[0.102s] -- Up-to-date: /home/san/Public/ros_control/src/install/robot_motion/share/robot_motion/local_setup.dsv
[0.102s] -- Installing: /home/san/Public/ros_control/src/install/robot_motion/share/robot_motion/package.dsv
[0.102s] -- Up-to-date: /home/san/Public/ros_control/src/install/robot_motion/share/ament_index/resource_index/packages/robot_motion
[0.102s] -- Up-to-date: /home/san/Public/ros_control/src/install/robot_motion/share/robot_motion/cmake/robot_motionConfig.cmake
[0.102s] -- Up-to-date: /home/san/Public/ros_control/src/install/robot_motion/share/robot_motion/cmake/robot_motionConfig-version.cmake
[0.102s] -- Up-to-date: /home/san/Public/ros_control/src/install/robot_motion/share/robot_motion/package.xml
[0.104s] Invoked command in '/home/san/Public/ros_control/src/build/robot_motion' returned '0': CMAKE_PREFIX_PATH=${CMAKE_PREFIX_PATH}:/opt/ros/jazzy DEBUGINFOD_URLS=https://debuginfod.ubuntu.com /usr/bin/cmake --install /home/san/Public/ros_control/src/build/robot_motion
