[0.012s] Invoking command in '/home/san/Public/ros_control/src/build/robot_motion': CMAKE_PREFIX_PATH=${CMAKE_PREFIX_PATH}:/opt/ros/jazzy DEBUGINFOD_URLS=https://debuginfod.ubuntu.com /usr/bin/cmake /home/san/Public/ros_control/src/robot_motion -DCMAKE_INSTALL_PREFIX=/home/san/Public/ros_control/src/install/robot_motion
[0.082s] -- The C compiler identification is GNU 13.3.0
[0.147s] -- The CXX compiler identification is GNU 13.3.0
[0.171s] -- Detecting C compiler ABI info
[0.294s] -- Detecting C compiler ABI info - done
[0.303s] -- Check for working C compiler: /usr/bin/cc - skipped
[0.303s] -- Detecting C compile features
[0.303s] -- Detecting C compile features - done
[0.317s] -- Detecting CXX compiler ABI info
[0.451s] -- Detecting CXX compiler ABI info - done
[0.460s] -- Check for working CXX compiler: /usr/bin/c++ - skipped
[0.461s] -- Detecting CXX compile features
[0.461s] -- Detecting CXX compile features - done
[0.467s] -- Found ament_cmake: 2.5.4 (/opt/ros/jazzy/share/ament_cmake/cmake)
[0.646s] -- Found Python3: /usr/bin/python3 (found version "3.12.3") found components: Interpreter 
[0.790s] -- Found ament_lint_auto: 0.17.2 (/opt/ros/jazzy/share/ament_lint_auto/cmake)
[0.913s] -- Added test 'flake8' to check Python code syntax and style conventions
[0.913s] -- Configured 'flake8' exclude dirs and/or files: 
[0.914s] -- Added test 'lint_cmake' to check CMake code style
[0.915s] -- Added test 'pep257' to check Python code against some of the docstring style conventions in PEP 257
[0.916s] -- Added test 'xmllint' to check XML markup files
[0.919s] -- Configuring done (0.9s)
[0.923s] -- Generating done (0.0s)
[0.924s] -- Build files have been written to: /home/san/Public/ros_control/src/build/robot_motion
[0.931s] Invoked command in '/home/san/Public/ros_control/src/build/robot_motion' returned '0': CMAKE_PREFIX_PATH=${CMAKE_PREFIX_PATH}:/opt/ros/jazzy DEBUGINFOD_URLS=https://debuginfod.ubuntu.com /usr/bin/cmake /home/san/Public/ros_control/src/robot_motion -DCMAKE_INSTALL_PREFIX=/home/san/Public/ros_control/src/install/robot_motion
[0.932s] Invoking command in '/home/san/Public/ros_control/src/build/robot_motion': CMAKE_PREFIX_PATH=${CMAKE_PREFIX_PATH}:/opt/ros/jazzy DEBUGINFOD_URLS=https://debuginfod.ubuntu.com /usr/bin/cmake --build /home/san/Public/ros_control/src/build/robot_motion -- -j16 -l16
[0.992s] Invoked command in '/home/san/Public/ros_control/src/build/robot_motion' returned '0': CMAKE_PREFIX_PATH=${CMAKE_PREFIX_PATH}:/opt/ros/jazzy DEBUGINFOD_URLS=https://debuginfod.ubuntu.com /usr/bin/cmake --build /home/san/Public/ros_control/src/build/robot_motion -- -j16 -l16
[1.006s] Invoking command in '/home/san/Public/ros_control/src/build/robot_motion': CMAKE_PREFIX_PATH=${CMAKE_PREFIX_PATH}:/opt/ros/jazzy DEBUGINFOD_URLS=https://debuginfod.ubuntu.com /usr/bin/cmake --install /home/san/Public/ros_control/src/build/robot_motion
[1.018s] -- Install configuration: ""
[1.018s] -- Installing: /home/san/Public/ros_control/src/install/robot_motion/lib/robot_motion/trajectory_publisher.py
[1.019s] -- Installing: /home/san/Public/ros_control/src/install/robot_motion/share/ament_index/resource_index/package_run_dependencies/robot_motion
[1.019s] -- Installing: /home/san/Public/ros_control/src/install/robot_motion/share/ament_index/resource_index/parent_prefix_path/robot_motion
[1.019s] -- Installing: /home/san/Public/ros_control/src/install/robot_motion/share/robot_motion/environment/ament_prefix_path.sh
[1.019s] -- Installing: /home/san/Public/ros_control/src/install/robot_motion/share/robot_motion/environment/ament_prefix_path.dsv
[1.019s] -- Installing: /home/san/Public/ros_control/src/install/robot_motion/share/robot_motion/environment/path.sh
[1.020s] -- Installing: /home/san/Public/ros_control/src/install/robot_motion/share/robot_motion/environment/path.dsv
[1.020s] -- Installing: /home/san/Public/ros_control/src/install/robot_motion/share/robot_motion/local_setup.bash
[1.020s] -- Installing: /home/san/Public/ros_control/src/install/robot_motion/share/robot_motion/local_setup.sh
[1.020s] -- Installing: /home/san/Public/ros_control/src/install/robot_motion/share/robot_motion/local_setup.zsh
[1.020s] -- Installing: /home/san/Public/ros_control/src/install/robot_motion/share/robot_motion/local_setup.dsv
[1.020s] -- Installing: /home/san/Public/ros_control/src/install/robot_motion/share/robot_motion/package.dsv
[1.021s] -- Installing: /home/san/Public/ros_control/src/install/robot_motion/share/ament_index/resource_index/packages/robot_motion
[1.021s] -- Installing: /home/san/Public/ros_control/src/install/robot_motion/share/robot_motion/cmake/robot_motionConfig.cmake
[1.021s] -- Installing: /home/san/Public/ros_control/src/install/robot_motion/share/robot_motion/cmake/robot_motionConfig-version.cmake
[1.021s] -- Installing: /home/san/Public/ros_control/src/install/robot_motion/share/robot_motion/package.xml
[1.023s] Invoked command in '/home/san/Public/ros_control/src/build/robot_motion' returned '0': CMAKE_PREFIX_PATH=${CMAKE_PREFIX_PATH}:/opt/ros/jazzy DEBUGINFOD_URLS=https://debuginfod.ubuntu.com /usr/bin/cmake --install /home/san/Public/ros_control/src/build/robot_motion
